connect.multipart() will be removed in connect 3.0
visit https://github.com/senchalabs/connect/wiki/Connect-3.0 for alternatives
connect.limit() will be removed in connect 3.0
Listening on port 3000...
Connected to 'pages' database
Child connected to 'pages' database

Pages Removed : 7

Posts Removed : 39
Videos Removed : 23

331288023558058 = 1

7270241753 = 11

20531316728 = 9

29534858696 = 5

10092511675 = 31

19691681472 = 13

7245371700 = 0

45309870078 = 63

156794164312 = 38

30382852317 = 7

82771544063 = 7

7619396355 = 6

19614945368 = 24

28940545600 = 29

8210451787 = 45

6815841748 = 0

9098498615 = 13

17774451468 = 23

355374000182 = 20

208633805894647 = 1

7724542745 = 0

24098842630 = 16

69116329538 = 42

149360941771672 = 3

159616034235 = 0

19061333123 = 12

14104316802 = 25

6329881653 = 1

150024648352527 = 2

21275344520 = 7

56381779049 = 11

362654797113137 = 10

11455644806 = 6

5769333796 = 52

103248201077 = 4

5718732097 = 5

19855571496 = 17

10212595263 = 71

5170395767 = 7

45761569458 = 9

29282006975 = 8

178297347303 = 40

11768835826 = 2

53523601754 = 16

201014990178 = 9

7220821999 = 3

15253175252 = 62

9328458887 = 0

400783035521 = 15

8335563918 = 38

9465008123 = 1

8103318119 = 5

49436315526 = 10

79775744089 = 26

121930497861753 = 5

7091561785 = 4

86037497258 = 0

16547831022 = 20

24786692848 = 3

221653767917280 = 13

87761771986 = 28

355014671241740 = 2

138793027632 = 19

33331950906 = 7

16100944031 = 9

22577904575 = 3

315390295169855 = 1

106357469967 = 1

122792026424 = 9

6002238585 = 0

140216402663925 = 1

8762738724 = 17

11006459933 = 5

8245623462 = 85

159460420880667 = 14

132160746180 = 21

21608835481 = 2

15087023444 = 20

12626353545 = 5

79298470625 = 8

73855584817 = 16

182162001806727 = 1

6478112671 = 28

5678046685 = 9

489202814474165 = 0

285269234937157 = 1

104958162837 = 40

146491058756895 = 3

14866607011 = 11

64637653943 = 16

153777574787846 = 13

22893372268 = 24

100818332595 = 63

145300805513355 = 29

8606723411 = 4

356417261082215 = 4

343533479080752 = 13

8305888286 = 87

35245929077 = 0

Find All Pages
true
Find All Videos
[90mGET /api/pages?asc=true [32m200 [90m76ms - 11.62kb[0m
Find All Pages = 10
Pages = 107
[90mGET /api/stats/pages [32m200 [90m38ms - 18b[0m
[90mGET /api/videos [32m200 [90m49ms - 28.17kb[0m
Find All Videos = 10
[90mGET / [36m304 [90m5ms[0m
[90mGET /app.js [36m304 [90m1ms[0m
[90mGET /templates/pages.html [36m304 [90m3ms[0m
Pages = 107
[90mGET /api/stats/pages [32m200 [90m3ms - 18b[0m
Find All Pages
false
[90mGET /api/pages?asc=false&limit=36&order=fan_count&skip=NaN [32m200 [90m52ms - 40.15kb[0m
Find All Pages = 36
[90mGET / [36m304 [90m2ms[0m
[90mGET /app.js [36m304 [90m1ms[0m
[90mGET /templates/pages.html [36m304 [90m1ms[0m
Pages = 107
[90mGET /api/stats/pages [36m304 [90m5ms[0m
Find All Pages
false
[90mGET /api/pages?asc=false&limit=36&order=fan_count&skip=NaN [36m304 [90m11ms[0m
Find All Pages = 36
